c:\users\дмитрий\onedrive\рабочий стол\project\-_labs\ppp2_1\ppp2_1\x64\debug\vc143.pdb
c:\users\дмитрий\onedrive\рабочий стол\project\-_labs\ppp2_1\ppp2_1\x64\debug\vc143.idb
c:\users\дмитрий\onedrive\рабочий стол\project\-_labs\ppp2_1\ppp2_1\x64\debug\room.obj
c:\users\дмитрий\onedrive\рабочий стол\project\-_labs\ppp2_1\ppp2_1\x64\debug\input.obj
c:\users\дмитрий\onedrive\рабочий стол\project\-_labs\ppp2_1\ppp2_1\x64\debug\hotel.obj
c:\users\дмитрий\onedrive\рабочий стол\project\-_labs\ppp2_1\ppp2_1\x64\debug\guest.obj
c:\users\дмитрий\onedrive\рабочий стол\project\-_labs\ppp2_1\ppp2_1\x64\debug\ppp2_1.obj
c:\users\дмитрий\onedrive\рабочий стол\project\-_labs\ppp2_1\ppp2_1\x64\debug\ppp2_1.ilk
c:\users\дмитрий\onedrive\рабочий стол\project\-_labs\ppp2_1\x64\debug\ppp2_1.pdb
c:\users\дмитрий\onedrive\рабочий стол\project\-_labs\ppp2_1\ppp2_1\x64\debug\ppp2_1.tlog\cl.command.1.tlog
c:\users\дмитрий\onedrive\рабочий стол\project\-_labs\ppp2_1\ppp2_1\x64\debug\ppp2_1.tlog\cl.items.tlog
c:\users\дмитрий\onedrive\рабочий стол\project\-_labs\ppp2_1\ppp2_1\x64\debug\ppp2_1.tlog\cl.read.1.tlog
c:\users\дмитрий\onedrive\рабочий стол\project\-_labs\ppp2_1\ppp2_1\x64\debug\ppp2_1.tlog\cl.write.1.tlog
c:\users\дмитрий\onedrive\рабочий стол\project\-_labs\ppp2_1\ppp2_1\x64\debug\ppp2_1.tlog\link-cvtres.read.1.tlog
c:\users\дмитрий\onedrive\рабочий стол\project\-_labs\ppp2_1\ppp2_1\x64\debug\ppp2_1.tlog\link-cvtres.write.1.tlog
c:\users\дмитрий\onedrive\рабочий стол\project\-_labs\ppp2_1\ppp2_1\x64\debug\ppp2_1.tlog\link-rc.read.1.tlog
c:\users\дмитрий\onedrive\рабочий стол\project\-_labs\ppp2_1\ppp2_1\x64\debug\ppp2_1.tlog\link-rc.write.1.tlog
c:\users\дмитрий\onedrive\рабочий стол\project\-_labs\ppp2_1\ppp2_1\x64\debug\ppp2_1.tlog\link.26768-cvtres.read.1.tlog
c:\users\дмитрий\onedrive\рабочий стол\project\-_labs\ppp2_1\ppp2_1\x64\debug\ppp2_1.tlog\link.26768-cvtres.write.1.tlog
c:\users\дмитрий\onedrive\рабочий стол\project\-_labs\ppp2_1\ppp2_1\x64\debug\ppp2_1.tlog\link.26768-rc.read.1.tlog
c:\users\дмитрий\onedrive\рабочий стол\project\-_labs\ppp2_1\ppp2_1\x64\debug\ppp2_1.tlog\link.26768-rc.write.1.tlog
c:\users\дмитрий\onedrive\рабочий стол\project\-_labs\ppp2_1\ppp2_1\x64\debug\ppp2_1.tlog\link.26768.read.1.tlog
c:\users\дмитрий\onedrive\рабочий стол\project\-_labs\ppp2_1\ppp2_1\x64\debug\ppp2_1.tlog\link.26768.read.2.tlog
c:\users\дмитрий\onedrive\рабочий стол\project\-_labs\ppp2_1\ppp2_1\x64\debug\ppp2_1.tlog\link.26768.write.1.tlog
c:\users\дмитрий\onedrive\рабочий стол\project\-_labs\ppp2_1\ppp2_1\x64\debug\ppp2_1.tlog\link.command.1.tlog
c:\users\дмитрий\onedrive\рабочий стол\project\-_labs\ppp2_1\ppp2_1\x64\debug\ppp2_1.tlog\link.read.1.tlog
c:\users\дмитрий\onedrive\рабочий стол\project\-_labs\ppp2_1\ppp2_1\x64\debug\ppp2_1.tlog\link.read.2.tlog
c:\users\дмитрий\onedrive\рабочий стол\project\-_labs\ppp2_1\ppp2_1\x64\debug\ppp2_1.tlog\link.secondary.1.tlog
c:\users\дмитрий\onedrive\рабочий стол\project\-_labs\ppp2_1\ppp2_1\x64\debug\ppp2_1.tlog\link.write.1.tlog
